This file contains any messages produced by compilers while
running configure, to aid debugging if configure makes a mistake.

It was created by CIGI Class Library configure 4.0.2, which was
generated by GNU Autoconf 2.59.  Invocation command line was

  $ ./configure 

## --------- ##
## Platform. ##
## --------- ##

hostname = `(hostname || uname -n) 2>/dev/null | sed 1q`
uname -m = `(uname -m) 2>/dev/null || echo unknown`
uname -r = `(uname -r) 2>/dev/null || echo unknown`
uname -s = `(uname -s) 2>/dev/null || echo unknown`
uname -v = `(uname -v) 2>/dev/null || echo unknown`

/usr/bin/uname -p = `(/usr/bin/uname -p) 2>/dev/null || echo unknown`
/bin/uname -X     = `(/bin/uname -X) 2>/dev/null     || echo unknown`

/bin/arch              = `(/bin/arch) 2>/dev/null              || echo unknown`
/usr/bin/arch -k       = `(/usr/bin/arch -k) 2>/dev/null       || echo unknown`
/usr/convex/getsysinfo = `(/usr/convex/getsysinfo) 2>/dev/null || echo unknown`
hostinfo               = `(hostinfo) 2>/dev/null               || echo unknown`
/bin/machine           = `(/bin/machine) 2>/dev/null           || echo unknown`
/usr/bin/oslevel       = `(/usr/bin/oslevel) 2>/dev/null       || echo unknown`
/bin/universe          = `(/bin/universe) 2>/dev/null          || echo unknown`

PATH: /home/jdyer/.local/bin
PATH: /usr/local/sbin
PATH: /usr/local/bin
PATH: /usr/bin
PATH: /var/lib/flatpak/exports/bin
PATH: /usr/lib/jvm/default/bin
PATH: /usr/bin/site_perl
PATH: /usr/bin/vendor_perl
PATH: /usr/bin/core_perl
PATH: /home/jdyer/bin
PATH: /home/jdyer/opt/GNAT/2021/bin
PATH: /home/jdyer/.cargo/bin
PATH: /opt/GNAT/2021/bin
PATH: /home/jdyer/.vscode-oss/extensions/adacore.ada-debug-23.0.11-universal/linux


## ----------- ##
## Core tests. ##
## ----------- ##

configure:1550: checking for a BSD-compatible install
configure:1605: result: /usr/bin/install -c
configure:1616: checking whether build environment is sane
configure:1659: result: yes
configure:1724: checking for gawk
configure:1740: found /usr/bin/gawk
configure:1750: result: gawk
configure:1760: checking whether make sets $(MAKE)
configure:1780: result: yes
configure:2000: checking for g++
configure:2016: found /usr/bin/g++
configure:2026: result: g++
configure:2042: checking for C++ compiler version
configure:2045: g++ --version </dev/null >&5
g++ (GCC) 13.2.1 20240417
Copyright (C) 2023 Free Software Foundation, Inc.
This is free software; see the source for copying conditions.  There is NO
warranty; not even for MERCHANTABILITY or FITNESS FOR A PARTICULAR PURPOSE.

configure:2048: $? = 0
configure:2050: g++ -v </dev/null >&5
Using built-in specs.
COLLECT_GCC=g++
COLLECT_LTO_WRAPPER=/usr/lib/gcc/x86_64-pc-linux-gnu/13.2.1/lto-wrapper
Target: x86_64-pc-linux-gnu
Configured with: /build/gcc/src/gcc/configure --enable-languages=ada,c,c++,d,fortran,go,lto,m2,objc,obj-c++ --enable-bootstrap --prefix=/usr --libdir=/usr/lib --libexecdir=/usr/lib --mandir=/usr/share/man --infodir=/usr/share/info --with-bugurl=https://gitlab.archlinux.org/archlinux/packaging/packages/gcc/-/issues --with-build-config=bootstrap-lto --with-linker-hash-style=gnu --with-system-zlib --enable-__cxa_atexit --enable-cet=auto --enable-checking=release --enable-clocale=gnu --enable-default-pie --enable-default-ssp --enable-gnu-indirect-function --enable-gnu-unique-object --enable-libstdcxx-backtrace --enable-link-serialization=1 --enable-linker-build-id --enable-lto --enable-multilib --enable-plugin --enable-shared --enable-threads=posix --disable-libssp --disable-libstdcxx-pch --disable-werror
Thread model: posix
Supported LTO compression algorithms: zlib zstd
gcc version 13.2.1 20240417 (GCC) 
configure:2053: $? = 0
configure:2055: g++ -V </dev/null >&5
g++: error: unrecognized command-line option '-V'
g++: fatal error: no input files
compilation terminated.
configure:2058: $? = 1
configure:2081: checking for C++ compiler default output file name
configure:2084: g++    conftest.cc  >&5
configure:2087: $? = 0
configure:2133: result: a.out
configure:2138: checking whether the C++ compiler works
configure:2144: ./a.out
configure:2147: $? = 0
configure:2164: result: yes
configure:2171: checking whether we are cross compiling
configure:2173: result: no
configure:2176: checking for suffix of executables
configure:2178: g++ -o conftest    conftest.cc  >&5
configure:2181: $? = 0
configure:2206: result: 
configure:2212: checking for suffix of object files
configure:2233: g++ -c   conftest.cc >&5
configure:2236: $? = 0
configure:2258: result: o
configure:2262: checking whether we are using the GNU C++ compiler
configure:2286: g++ -c   conftest.cc >&5
configure:2292: $? = 0
configure:2296: test -z 
			 || test ! -s conftest.err
configure:2299: $? = 0
configure:2302: test -s conftest.o
configure:2305: $? = 0
configure:2318: result: yes
configure:2324: checking whether g++ accepts -g
configure:2345: g++ -c -g  conftest.cc >&5
configure:2351: $? = 0
configure:2355: test -z 
			 || test ! -s conftest.err
configure:2358: $? = 0
configure:2361: test -s conftest.o
configure:2364: $? = 0
configure:2375: result: yes
configure:2417: g++ -c -g -O2  conftest.cc >&5
configure:2423: $? = 0
configure:2427: test -z 
			 || test ! -s conftest.err
configure:2430: $? = 0
configure:2433: test -s conftest.o
configure:2436: $? = 0
configure:2462: g++ -c -g -O2  conftest.cc >&5
conftest.cc: In function 'int main()':
conftest.cc:15:1: error: 'exit' was not declared in this scope
   15 | exit (42);
      | ^~~~
conftest.cc:1:1: note: 'exit' is defined in header '<cstdlib>'; did you forget to '#include <cstdlib>'?
    1 | /* confdefs.h.  */
configure:2468: $? = 1
configure: failed program was:
| /* confdefs.h.  */
| 
| #define PACKAGE_NAME "CIGI Class Library"
| #define PACKAGE_TARNAME "cigicl"
| #define PACKAGE_VERSION "4.0.2"
| #define PACKAGE_STRING "CIGI Class Library 4.0.2"
| #define PACKAGE_BUGREPORT "http://cigi.sourceforge.net"
| #define PACKAGE "cigicl"
| #define VERSION "4.0.2"
| /* end confdefs.h.  */
| 
| int
| main ()
| {
| exit (42);
|   ;
|   return 0;
| }
configure:2417: g++ -c -g -O2  conftest.cc >&5
conftest.cc:11:17: warning: 'void std::exit(int)' has not been declared within 'std'
   11 | extern "C" void std::exit (int) throw (); using std::exit;
      |                 ^~~
<built-in>: note: only here as a 'friend'
configure:2423: $? = 0
configure:2427: test -z 
			 || test ! -s conftest.err
configure:2430: $? = 0
configure:2433: test -s conftest.o
configure:2436: $? = 0
configure:2462: g++ -c -g -O2  conftest.cc >&5
conftest.cc:11:17: warning: 'void std::exit(int)' has not been declared within 'std'
   11 | extern "C" void std::exit (int) throw (); using std::exit;
      |                 ^~~
<built-in>: note: only here as a 'friend'
configure:2468: $? = 0
configure:2472: test -z 
			 || test ! -s conftest.err
configure:2475: $? = 0
configure:2478: test -s conftest.o
configure:2481: $? = 0
configure:2515: checking for style of include used by make
configure:2543: result: GNU
configure:2571: checking dependency style of g++
configure:2661: result: gcc3
configure:2691: checking for a BSD-compatible install
configure:2746: result: /usr/bin/install -c
configure:2835: checking build system type
configure:2853: result: x86_64-unknown-linux-gnu
configure:2861: checking host system type
configure:2875: result: x86_64-unknown-linux-gnu
configure:2929: checking for gcc
configure:2945: found /usr/bin/gcc
configure:2955: result: gcc
configure:3199: checking for C compiler version
configure:3202: gcc --version </dev/null >&5
gcc (GCC) 13.2.1 20240417
Copyright (C) 2023 Free Software Foundation, Inc.
This is free software; see the source for copying conditions.  There is NO
warranty; not even for MERCHANTABILITY or FITNESS FOR A PARTICULAR PURPOSE.

configure:3205: $? = 0
configure:3207: gcc -v </dev/null >&5
Using built-in specs.
COLLECT_GCC=gcc
COLLECT_LTO_WRAPPER=/usr/lib/gcc/x86_64-pc-linux-gnu/13.2.1/lto-wrapper
Target: x86_64-pc-linux-gnu
Configured with: /build/gcc/src/gcc/configure --enable-languages=ada,c,c++,d,fortran,go,lto,m2,objc,obj-c++ --enable-bootstrap --prefix=/usr --libdir=/usr/lib --libexecdir=/usr/lib --mandir=/usr/share/man --infodir=/usr/share/info --with-bugurl=https://gitlab.archlinux.org/archlinux/packaging/packages/gcc/-/issues --with-build-config=bootstrap-lto --with-linker-hash-style=gnu --with-system-zlib --enable-__cxa_atexit --enable-cet=auto --enable-checking=release --enable-clocale=gnu --enable-default-pie --enable-default-ssp --enable-gnu-indirect-function --enable-gnu-unique-object --enable-libstdcxx-backtrace --enable-link-serialization=1 --enable-linker-build-id --enable-lto --enable-multilib --enable-plugin --enable-shared --enable-threads=posix --disable-libssp --disable-libstdcxx-pch --disable-werror
Thread model: posix
Supported LTO compression algorithms: zlib zstd
gcc version 13.2.1 20240417 (GCC) 
configure:3210: $? = 0
configure:3212: gcc -V </dev/null >&5
gcc: error: unrecognized command-line option '-V'
gcc: fatal error: no input files
compilation terminated.
configure:3215: $? = 1
configure:3218: checking whether we are using the GNU C compiler
configure:3242: gcc -c   conftest.c >&5
configure:3248: $? = 0
configure:3252: test -z 
			 || test ! -s conftest.err
configure:3255: $? = 0
configure:3258: test -s conftest.o
configure:3261: $? = 0
configure:3274: result: yes
configure:3280: checking whether gcc accepts -g
configure:3301: gcc -c -g  conftest.c >&5
configure:3307: $? = 0
configure:3311: test -z 
			 || test ! -s conftest.err
configure:3314: $? = 0
configure:3317: test -s conftest.o
configure:3320: $? = 0
configure:3331: result: yes
configure:3348: checking for gcc option to accept ANSI C
configure:3418: gcc  -c -g -O2  conftest.c >&5
configure:3424: $? = 0
configure:3428: test -z 
			 || test ! -s conftest.err
configure:3431: $? = 0
configure:3434: test -s conftest.o
configure:3437: $? = 0
configure:3455: result: none needed
configure:3473: gcc -c -g -O2  conftest.c >&5
conftest.c:2:3: error: unknown type name 'choke'
    2 |   choke me
      |   ^~~~~
conftest.c:2:3: error: expected '=', ',', ';', 'asm' or '__attribute__' at end of input
configure:3479: $? = 1
configure: failed program was:
| #ifndef __cplusplus
|   choke me
| #endif
configure:3614: checking dependency style of gcc
configure:3704: result: gcc3
configure:3721: checking for a sed that does not truncate output
configure:3777: result: /usr/bin/sed
configure:3780: checking for egrep
configure:3790: result: grep -E
configure:3806: checking for ld used by gcc
configure:3873: result: /usr/bin/ld
configure:3882: checking if the linker (/usr/bin/ld) is GNU ld
configure:3897: result: yes
configure:3902: checking for /usr/bin/ld option to reload object files
configure:3909: result: -r
configure:3927: checking for BSD-compatible nm
configure:3976: result: /usr/bin/nm -B
configure:3980: checking whether ln -s works
configure:3984: result: yes
configure:3991: checking how to recognise dependent libraries
configure:4167: result: pass_all
configure:4255: gcc -c -g -O2  conftest.c >&5
configure:4258: $? = 0
configure:4404: checking how to run the C preprocessor
configure:4439: gcc -E  conftest.c
configure:4445: $? = 0
configure:4477: gcc -E  conftest.c
conftest.c:14:10: fatal error: ac_nonexistent.h: No such file or directory
   14 | #include <ac_nonexistent.h>
      |          ^~~~~~~~~~~~~~~~~~
compilation terminated.
configure:4483: $? = 1
configure: failed program was:
| /* confdefs.h.  */
| 
| #define PACKAGE_NAME "CIGI Class Library"
| #define PACKAGE_TARNAME "cigicl"
| #define PACKAGE_VERSION "4.0.2"
| #define PACKAGE_STRING "CIGI Class Library 4.0.2"
| #define PACKAGE_BUGREPORT "http://cigi.sourceforge.net"
| #define PACKAGE "cigicl"
| #define VERSION "4.0.2"
| #ifdef __cplusplus
| extern "C" void std::exit (int) throw (); using std::exit;
| #endif
| /* end confdefs.h.  */
| #include <ac_nonexistent.h>
configure:4522: result: gcc -E
configure:4546: gcc -E  conftest.c
configure:4552: $? = 0
configure:4584: gcc -E  conftest.c
conftest.c:14:10: fatal error: ac_nonexistent.h: No such file or directory
   14 | #include <ac_nonexistent.h>
      |          ^~~~~~~~~~~~~~~~~~
compilation terminated.
configure:4590: $? = 1
configure: failed program was:
| /* confdefs.h.  */
| 
| #define PACKAGE_NAME "CIGI Class Library"
| #define PACKAGE_TARNAME "cigicl"
| #define PACKAGE_VERSION "4.0.2"
| #define PACKAGE_STRING "CIGI Class Library 4.0.2"
| #define PACKAGE_BUGREPORT "http://cigi.sourceforge.net"
| #define PACKAGE "cigicl"
| #define VERSION "4.0.2"
| #ifdef __cplusplus
| extern "C" void std::exit (int) throw (); using std::exit;
| #endif
| /* end confdefs.h.  */
| #include <ac_nonexistent.h>
configure:4634: checking for ANSI C header files
configure:4659: gcc -c -g -O2  conftest.c >&5
configure:4665: $? = 0
configure:4669: test -z 
			 || test ! -s conftest.err
configure:4672: $? = 0
configure:4675: test -s conftest.o
configure:4678: $? = 0
configure:4767: gcc -o conftest -g -O2   conftest.c  >&5
conftest.c: In function 'main':
conftest.c:31:7: warning: implicit declaration of function 'exit' [-Wimplicit-function-declaration]
   31 |       exit(2);
      |       ^~~~
conftest.c:15:1: note: include '<stdlib.h>' or provide a declaration of 'exit'
   14 | #include <ctype.h>
  +++ |+#include <stdlib.h>
   15 | #if ((' ' & 0x0FF) == 0x020)
conftest.c:31:7: warning: incompatible implicit declaration of built-in function 'exit' [-Wbuiltin-declaration-mismatch]
   31 |       exit(2);
      |       ^~~~
conftest.c:31:7: note: include '<stdlib.h>' or provide a declaration of 'exit'
conftest.c:32:3: warning: incompatible implicit declaration of built-in function 'exit' [-Wbuiltin-declaration-mismatch]
   32 |   exit (0);
      |   ^~~~
conftest.c:32:3: note: include '<stdlib.h>' or provide a declaration of 'exit'
configure:4770: $? = 0
configure:4772: ./conftest
configure:4775: $? = 0
configure:4790: result: yes
configure:4814: checking for sys/types.h
configure:4830: gcc -c -g -O2  conftest.c >&5
configure:4836: $? = 0
configure:4840: test -z 
			 || test ! -s conftest.err
configure:4843: $? = 0
configure:4846: test -s conftest.o
configure:4849: $? = 0
configure:4860: result: yes
configure:4814: checking for sys/stat.h
configure:4830: gcc -c -g -O2  conftest.c >&5
configure:4836: $? = 0
configure:4840: test -z 
			 || test ! -s conftest.err
configure:4843: $? = 0
configure:4846: test -s conftest.o
configure:4849: $? = 0
configure:4860: result: yes
configure:4814: checking for stdlib.h
configure:4830: gcc -c -g -O2  conftest.c >&5
configure:4836: $? = 0
configure:4840: test -z 
			 || test ! -s conftest.err
configure:4843: $? = 0
configure:4846: test -s conftest.o
configure:4849: $? = 0
configure:4860: result: yes
configure:4814: checking for string.h
configure:4830: gcc -c -g -O2  conftest.c >&5
configure:4836: $? = 0
configure:4840: test -z 
			 || test ! -s conftest.err
configure:4843: $? = 0
configure:4846: test -s conftest.o
configure:4849: $? = 0
configure:4860: result: yes
configure:4814: checking for memory.h
configure:4830: gcc -c -g -O2  conftest.c >&5
configure:4836: $? = 0
configure:4840: test -z 
			 || test ! -s conftest.err
configure:4843: $? = 0
configure:4846: test -s conftest.o
configure:4849: $? = 0
configure:4860: result: yes
configure:4814: checking for strings.h
configure:4830: gcc -c -g -O2  conftest.c >&5
configure:4836: $? = 0
configure:4840: test -z 
			 || test ! -s conftest.err
configure:4843: $? = 0
configure:4846: test -s conftest.o
configure:4849: $? = 0
configure:4860: result: yes
configure:4814: checking for inttypes.h
configure:4830: gcc -c -g -O2  conftest.c >&5
configure:4836: $? = 0
configure:4840: test -z 
			 || test ! -s conftest.err
configure:4843: $? = 0
configure:4846: test -s conftest.o
configure:4849: $? = 0
configure:4860: result: yes
configure:4814: checking for stdint.h
configure:4830: gcc -c -g -O2  conftest.c >&5
configure:4836: $? = 0
configure:4840: test -z 
			 || test ! -s conftest.err
configure:4843: $? = 0
configure:4846: test -s conftest.o
configure:4849: $? = 0
configure:4860: result: yes
configure:4814: checking for unistd.h
configure:4830: gcc -c -g -O2  conftest.c >&5
configure:4836: $? = 0
configure:4840: test -z 
			 || test ! -s conftest.err
configure:4843: $? = 0
configure:4846: test -s conftest.o
configure:4849: $? = 0
configure:4860: result: yes
configure:4886: checking dlfcn.h usability
configure:4898: gcc -c -g -O2  conftest.c >&5
configure:4904: $? = 0
configure:4908: test -z 
			 || test ! -s conftest.err
configure:4911: $? = 0
configure:4914: test -s conftest.o
configure:4917: $? = 0
configure:4927: result: yes
configure:4931: checking dlfcn.h presence
configure:4941: gcc -E  conftest.c
configure:4947: $? = 0
configure:4967: result: yes
configure:5002: checking for dlfcn.h
configure:5009: result: yes
configure:5032: checking how to run the C++ preprocessor
configure:5063: g++ -E  conftest.cc
configure:5069: $? = 0
configure:5101: g++ -E  conftest.cc
conftest.cc:25:10: fatal error: ac_nonexistent.h: No such file or directory
   25 | #include <ac_nonexistent.h>
      |          ^~~~~~~~~~~~~~~~~~
compilation terminated.
configure:5107: $? = 1
configure: failed program was:
| /* confdefs.h.  */
| 
| #define PACKAGE_NAME "CIGI Class Library"
| #define PACKAGE_TARNAME "cigicl"
| #define PACKAGE_VERSION "4.0.2"
| #define PACKAGE_STRING "CIGI Class Library 4.0.2"
| #define PACKAGE_BUGREPORT "http://cigi.sourceforge.net"
| #define PACKAGE "cigicl"
| #define VERSION "4.0.2"
| #ifdef __cplusplus
| extern "C" void std::exit (int) throw (); using std::exit;
| #endif
| #define STDC_HEADERS 1
| #define HAVE_SYS_TYPES_H 1
| #define HAVE_SYS_STAT_H 1
| #define HAVE_STDLIB_H 1
| #define HAVE_STRING_H 1
| #define HAVE_MEMORY_H 1
| #define HAVE_STRINGS_H 1
| #define HAVE_INTTYPES_H 1
| #define HAVE_STDINT_H 1
| #define HAVE_UNISTD_H 1
| #define HAVE_DLFCN_H 1
| /* end confdefs.h.  */
| #include <ac_nonexistent.h>
configure:5146: result: g++ -E
configure:5170: g++ -E  conftest.cc
configure:5176: $? = 0
configure:5208: g++ -E  conftest.cc
conftest.cc:25:10: fatal error: ac_nonexistent.h: No such file or directory
   25 | #include <ac_nonexistent.h>
      |          ^~~~~~~~~~~~~~~~~~
compilation terminated.
configure:5214: $? = 1
configure: failed program was:
| /* confdefs.h.  */
| 
| #define PACKAGE_NAME "CIGI Class Library"
| #define PACKAGE_TARNAME "cigicl"
| #define PACKAGE_VERSION "4.0.2"
| #define PACKAGE_STRING "CIGI Class Library 4.0.2"
| #define PACKAGE_BUGREPORT "http://cigi.sourceforge.net"
| #define PACKAGE "cigicl"
| #define VERSION "4.0.2"
| #ifdef __cplusplus
| extern "C" void std::exit (int) throw (); using std::exit;
| #endif
| #define STDC_HEADERS 1
| #define HAVE_SYS_TYPES_H 1
| #define HAVE_SYS_STAT_H 1
| #define HAVE_STDLIB_H 1
| #define HAVE_STRING_H 1
| #define HAVE_MEMORY_H 1
| #define HAVE_STRINGS_H 1
| #define HAVE_INTTYPES_H 1
| #define HAVE_STDINT_H 1
| #define HAVE_UNISTD_H 1
| #define HAVE_DLFCN_H 1
| /* end confdefs.h.  */
| #include <ac_nonexistent.h>
configure:5311: checking for g77
configure:5340: result: no
configure:5311: checking for f77
configure:5340: result: no
configure:5311: checking for xlf
configure:5340: result: no
configure:5311: checking for frt
configure:5340: result: no
configure:5311: checking for pgf77
configure:5340: result: no
configure:5311: checking for fort77
configure:5340: result: no
configure:5311: checking for fl32
configure:5340: result: no
configure:5311: checking for af77
configure:5340: result: no
configure:5311: checking for f90
configure:5340: result: no
configure:5311: checking for xlf90
configure:5340: result: no
configure:5311: checking for pgf90
configure:5340: result: no
configure:5311: checking for epcf90
configure:5340: result: no
configure:5311: checking for f95
configure:5340: result: no
configure:5311: checking for fort
configure:5340: result: no
configure:5311: checking for xlf95
configure:5340: result: no
configure:5311: checking for ifc
configure:5340: result: no
configure:5311: checking for efc
configure:5340: result: no
configure:5311: checking for pgf95
configure:5340: result: no
configure:5311: checking for lf95
configure:5340: result: no
configure:5311: checking for gfortran
configure:5340: result: no
configure:5352: checking for Fortran 77 compiler version
configure:5355:  --version </dev/null >&5
./configure: line 5356: --version: command not found
configure:5358: $? = 127
configure:5360:  -v </dev/null >&5
./configure: line 5361: -v: command not found
configure:5363: $? = 127
configure:5365:  -V </dev/null >&5
./configure: line 5366: -V: command not found
configure:5368: $? = 127
configure:5376: checking whether we are using the GNU Fortran 77 compiler
configure:5390:  -c  conftest.F >&5
./configure: line 5391: -c: command not found
configure:5396: $? = 127
configure: failed program was:
|       program main
| #ifndef __GNUC__
|        choke me
| #endif
| 
|       end
configure:5422: result: no
configure:5428: checking whether  accepts -g
configure:5440:  -c -g conftest.f >&5
./configure: line 5441: -c: command not found
configure:5446: $? = 127
configure: failed program was:
|       program main
| 
|       end
configure:5471: result: no
configure:5501: checking the maximum length of command line arguments
configure:5610: result: 32768
configure:5621: checking command to parse /usr/bin/nm -B output from gcc object
configure:5726: gcc -c -g -O2  conftest.c >&5
configure:5729: $? = 0
configure:5733: /usr/bin/nm -B conftest.o \| sed -n -e 's/^.*[ 	]\([ABCDGIRSTW][ABCDGIRSTW]*\)[ 	][ 	]*\([_A-Za-z][_A-Za-z0-9]*\)$/\1 \2 \2/p' \> conftest.nm
configure:5736: $? = 0
configure:5788: gcc -o conftest -g -O2   conftest.c conftstm.o >&5
configure:5791: $? = 0
configure:5829: result: ok
configure:5833: checking for objdir
configure:5848: result: .libs
configure:5938: checking for ar
configure:5954: found /usr/bin/ar
configure:5965: result: ar
configure:6018: checking for ranlib
configure:6034: found /usr/bin/ranlib
configure:6045: result: ranlib
configure:6098: checking for strip
configure:6114: found /usr/bin/strip
configure:6125: result: strip
configure:6397: checking if gcc supports -fno-rtti -fno-exceptions
configure:6415: gcc -c -g -O2  -fno-rtti -fno-exceptions conftest.c >&5
cc1: warning: command-line option '-fno-rtti' is valid for C++/D/ObjC++ but not for C
configure:6419: $? = 0
configure:6432: result: no
configure:6447: checking for gcc option to produce PIC
configure:6657: result: -fPIC
configure:6665: checking if gcc PIC flag -fPIC works
configure:6683: gcc -c -g -O2  -fPIC -DPIC conftest.c >&5
configure:6687: $? = 0
configure:6700: result: yes
configure:6728: checking if gcc static flag -static works
configure:6756: result: yes
configure:6766: checking if gcc supports -c -o file.o
configure:6787: gcc -c -g -O2  -o out/conftest2.o conftest.c >&5
configure:6791: $? = 0
configure:6813: result: yes
configure:6839: checking whether the gcc linker (/usr/bin/ld -m elf_x86_64) supports shared libraries
configure:7797: result: yes
configure:7818: checking whether -lc should be explicitly linked in
configure:7823: gcc -c -g -O2  conftest.c >&5
configure:7826: $? = 0
configure:7841: gcc -shared conftest.o  -v -Wl,-soname -Wl,conftest -o conftest 2\>\&1 \| grep  -lc  \>/dev/null 2\>\&1
configure:7844: $? = 0
configure:7856: result: no
configure:7864: checking dynamic linker characteristics
configure:8257: gcc -c -g -O2  conftest.c >&5
configure:8260: $? = 0
configure:8473: result: GNU/Linux ld.so
configure:8482: checking how to hardcode library paths into programs
configure:8507: result: immediate
configure:8521: checking whether stripping libraries is possible
configure:8526: result: yes
configure:9360: checking if libtool supports shared libraries
configure:9362: result: yes
configure:9365: checking whether to build shared libraries
configure:9386: result: yes
configure:9389: checking whether to build static libraries
configure:9393: result: yes
configure:9485: creating libtool
configure:10076: checking for ld used by g++
configure:10143: result: /usr/bin/ld -m elf_x86_64
configure:10152: checking if the linker (/usr/bin/ld -m elf_x86_64) is GNU ld
configure:10167: result: yes
configure:10218: checking whether the g++ linker (/usr/bin/ld -m elf_x86_64) supports shared libraries
configure:11156: result: yes
configure:11174: g++ -c -g -O2  conftest.cpp >&5
configure:11177: $? = 0
configure:11296: checking for g++ option to produce PIC
configure:11570: result: -fPIC
configure:11578: checking if g++ PIC flag -fPIC works
configure:11596: g++ -c -g -O2  -fPIC -DPIC conftest.cpp >&5
configure:11600: $? = 0
configure:11613: result: yes
configure:11641: checking if g++ static flag -static works
configure:11669: result: yes
configure:11679: checking if g++ supports -c -o file.o
configure:11700: g++ -c -g -O2  -o out/conftest2.o conftest.cpp >&5
configure:11704: $? = 0
configure:11726: result: yes
configure:11752: checking whether the g++ linker (/usr/bin/ld -m elf_x86_64) supports shared libraries
configure:11777: result: yes
configure:11844: checking dynamic linker characteristics
configure:12237: g++ -c -g -O2  conftest.cpp >&5
configure:12240: $? = 0
configure:12453: result: GNU/Linux ld.so
configure:12462: checking how to hardcode library paths into programs
configure:12487: result: immediate
configure:18693: checking whether byte ordering is bigendian
configure:18720: gcc -c -g -O2  conftest.c >&5
configure:18726: $? = 0
configure:18730: test -z 
			 || test ! -s conftest.err
configure:18733: $? = 0
configure:18736: test -s conftest.o
configure:18739: $? = 0
configure:18763: gcc -c -g -O2  conftest.c >&5
conftest.c: In function 'main':
conftest.c:32:2: error: unknown type name 'not'; did you mean 'ino_t'?
   32 |  not big endian
      |  ^~~
      |  ino_t
conftest.c:32:10: error: expected '=', ',', ';', 'asm' or '__attribute__' before 'endian'
   32 |  not big endian
      |          ^~~~~~
configure:18769: $? = 1
configure: failed program was:
| /* confdefs.h.  */
| 
| #define PACKAGE_NAME "CIGI Class Library"
| #define PACKAGE_TARNAME "cigicl"
| #define PACKAGE_VERSION "4.0.2"
| #define PACKAGE_STRING "CIGI Class Library 4.0.2"
| #define PACKAGE_BUGREPORT "http://cigi.sourceforge.net"
| #define PACKAGE "cigicl"
| #define VERSION "4.0.2"
| #ifdef __cplusplus
| extern "C" void std::exit (int) throw (); using std::exit;
| #endif
| #define STDC_HEADERS 1
| #define HAVE_SYS_TYPES_H 1
| #define HAVE_SYS_STAT_H 1
| #define HAVE_STDLIB_H 1
| #define HAVE_STRING_H 1
| #define HAVE_MEMORY_H 1
| #define HAVE_STRINGS_H 1
| #define HAVE_INTTYPES_H 1
| #define HAVE_STDINT_H 1
| #define HAVE_UNISTD_H 1
| #define HAVE_DLFCN_H 1
| /* end confdefs.h.  */
| #include <sys/types.h>
| #include <sys/param.h>
| 
| int
| main ()
| {
| #if BYTE_ORDER != BIG_ENDIAN
|  not big endian
| #endif
| 
|   ;
|   return 0;
| }
configure:18904: result: no
configure:19081: creating ./config.status

## ---------------------- ##
## Running config.status. ##
## ---------------------- ##

This file was extended by CIGI Class Library config.status 4.0.2, which was
generated by GNU Autoconf 2.59.  Invocation command line was

  CONFIG_FILES    = 
  CONFIG_HEADERS  = 
  CONFIG_LINKS    = 
  CONFIG_COMMANDS = 
  $ ./config.status 

on Pro2

config.status:710: creating cigicl.pc
config.status:710: creating Makefile
config.status:710: creating include/Makefile
config.status:710: creating source/Makefile
config.status:893: executing depfiles commands

## ---------------- ##
## Cache variables. ##
## ---------------- ##

ac_cv_build=x86_64-unknown-linux-gnu
ac_cv_build_alias=x86_64-unknown-linux-gnu
ac_cv_c_bigendian=no
ac_cv_c_compiler_gnu=yes
ac_cv_cxx_compiler_gnu=yes
ac_cv_env_CC_set=
ac_cv_env_CC_value=
ac_cv_env_CFLAGS_set=
ac_cv_env_CFLAGS_value=
ac_cv_env_CPPFLAGS_set=
ac_cv_env_CPPFLAGS_value=
ac_cv_env_CPP_set=
ac_cv_env_CPP_value=
ac_cv_env_CXXCPP_set=
ac_cv_env_CXXCPP_value=
ac_cv_env_CXXFLAGS_set=
ac_cv_env_CXXFLAGS_value=
ac_cv_env_CXX_set=
ac_cv_env_CXX_value=
ac_cv_env_F77_set=
ac_cv_env_F77_value=
ac_cv_env_FFLAGS_set=
ac_cv_env_FFLAGS_value=
ac_cv_env_LDFLAGS_set=
ac_cv_env_LDFLAGS_value=
ac_cv_env_build_alias_set=
ac_cv_env_build_alias_value=
ac_cv_env_host_alias_set=
ac_cv_env_host_alias_value=
ac_cv_env_target_alias_set=
ac_cv_env_target_alias_value=
ac_cv_exeext=
ac_cv_f77_compiler_gnu=no
ac_cv_header_dlfcn_h=yes
ac_cv_header_inttypes_h=yes
ac_cv_header_memory_h=yes
ac_cv_header_stdc=yes
ac_cv_header_stdint_h=yes
ac_cv_header_stdlib_h=yes
ac_cv_header_string_h=yes
ac_cv_header_strings_h=yes
ac_cv_header_sys_stat_h=yes
ac_cv_header_sys_types_h=yes
ac_cv_header_unistd_h=yes
ac_cv_host=x86_64-unknown-linux-gnu
ac_cv_host_alias=x86_64-unknown-linux-gnu
ac_cv_objext=o
ac_cv_path_install='/usr/bin/install -c'
ac_cv_prog_AWK=gawk
ac_cv_prog_CPP='gcc -E'
ac_cv_prog_CXXCPP='g++ -E'
ac_cv_prog_ac_ct_AR=ar
ac_cv_prog_ac_ct_CC=gcc
ac_cv_prog_ac_ct_CXX=g++
ac_cv_prog_ac_ct_RANLIB=ranlib
ac_cv_prog_ac_ct_STRIP=strip
ac_cv_prog_cc_g=yes
ac_cv_prog_cc_stdc=
ac_cv_prog_cxx_g=yes
ac_cv_prog_egrep='grep -E'
ac_cv_prog_f77_g=no
ac_cv_prog_make_make_set=yes
am_cv_CC_dependencies_compiler_type=gcc3
am_cv_CXX_dependencies_compiler_type=gcc3
lt_cv_deplibs_check_method=pass_all
lt_cv_file_magic_cmd='$MAGIC_CMD'
lt_cv_file_magic_test_file=
lt_cv_ld_reload_flag=-r
lt_cv_objdir=.libs
lt_cv_path_LD=/usr/bin/ld
lt_cv_path_LDCXX='/usr/bin/ld -m elf_x86_64'
lt_cv_path_NM='/usr/bin/nm -B'
lt_cv_path_SED=/usr/bin/sed
lt_cv_prog_compiler_c_o=yes
lt_cv_prog_compiler_c_o_CXX=yes
lt_cv_prog_compiler_rtti_exceptions=no
lt_cv_prog_gnu_ld=yes
lt_cv_prog_gnu_ldcxx=yes
lt_cv_sys_global_symbol_pipe='sed -n -e '\''s/^.*[ 	]\([ABCDGIRSTW][ABCDGIRSTW]*\)[ 	][ 	]*\([_A-Za-z][_A-Za-z0-9]*\)$/\1 \2 \2/p'\'''
lt_cv_sys_global_symbol_to_c_name_address='sed -n -e '\''s/^: \([^ ]*\) $/  {\"\1\", (lt_ptr) 0},/p'\'' -e '\''s/^[BCDEGRST] \([^ ]*\) \([^ ]*\)$/  {"\2", (lt_ptr) \&\2},/p'\'''
lt_cv_sys_global_symbol_to_cdecl='sed -n -e '\''s/^. .* \(.*\)$/extern int \1;/p'\'''
lt_cv_sys_max_cmd_len=32768
lt_lt_cv_prog_compiler_c_o='"yes"'
lt_lt_cv_prog_compiler_c_o_CXX='"yes"'
lt_lt_cv_sys_global_symbol_pipe='"sed -n -e '\''s/^.*[ 	]\\([ABCDGIRSTW][ABCDGIRSTW]*\\)[ 	][ 	]*\\([_A-Za-z][_A-Za-z0-9]*\\)\$/\\1 \\2 \\2/p'\''"'
lt_lt_cv_sys_global_symbol_to_c_name_address='"sed -n -e '\''s/^: \\([^ ]*\\) \$/  {\\\"\\1\\\", (lt_ptr) 0},/p'\'' -e '\''s/^[BCDEGRST] \\([^ ]*\\) \\([^ ]*\\)\$/  {\"\\2\", (lt_ptr) \\&\\2},/p'\''"'
lt_lt_cv_sys_global_symbol_to_cdecl='"sed -n -e '\''s/^. .* \\(.*\\)\$/extern int \\1;/p'\''"'

## ----------------- ##
## Output variables. ##
## ----------------- ##

ACLOCAL='${SHELL} /home/jdyer/examples/ccl_4_0/missing --run aclocal-1.9'
AMDEPBACKSLASH='\'
AMDEP_FALSE='#'
AMDEP_TRUE=''
AMTAR='${SHELL} /home/jdyer/examples/ccl_4_0/missing --run tar'
AR='ar'
AUTOCONF='${SHELL} /home/jdyer/examples/ccl_4_0/missing --run autoconf'
AUTOHEADER='${SHELL} /home/jdyer/examples/ccl_4_0/missing --run autoheader'
AUTOMAKE='${SHELL} /home/jdyer/examples/ccl_4_0/missing --run automake-1.9'
AWK='gawk'
CC='gcc'
CCDEPMODE='depmode=gcc3'
CFLAGS='-g -O2'
CPP='gcc -E'
CPPFLAGS=''
CXX='g++'
CXXCPP='g++ -E'
CXXDEPMODE='depmode=gcc3'
CXXFLAGS='-g -O2'
CYGPATH_W='echo'
DEFS='-DPACKAGE_NAME=\"CIGI\ Class\ Library\" -DPACKAGE_TARNAME=\"cigicl\" -DPACKAGE_VERSION=\"4.0.2\" -DPACKAGE_STRING=\"CIGI\ Class\ Library\ 4.0.2\" -DPACKAGE_BUGREPORT=\"http://cigi.sourceforge.net\" -DPACKAGE=\"cigicl\" -DVERSION=\"4.0.2\" -DSTDC_HEADERS=1 -DHAVE_SYS_TYPES_H=1 -DHAVE_SYS_STAT_H=1 -DHAVE_STDLIB_H=1 -DHAVE_STRING_H=1 -DHAVE_MEMORY_H=1 -DHAVE_STRINGS_H=1 -DHAVE_INTTYPES_H=1 -DHAVE_STDINT_H=1 -DHAVE_UNISTD_H=1 -DHAVE_DLFCN_H=1 -DCIGI_LITTLE_ENDIAN=1 '
DEPDIR='.deps'
ECHO='echo'
ECHO_C=''
ECHO_N='-n'
ECHO_T=''
EGREP='grep -E'
EXEEXT=''
F77=''
FFLAGS=''
INSTALL_DATA='${INSTALL} -m 644'
INSTALL_PROGRAM='${INSTALL}'
INSTALL_SCRIPT='${INSTALL}'
INSTALL_STRIP_PROGRAM='${SHELL} $(install_sh) -c -s'
LDFLAGS=''
LIBOBJS=''
LIBS=''
LIBTOOL='$(SHELL) $(top_builddir)/libtool'
LN_S='ln -s'
LTLIBOBJS=''
MAKEINFO='${SHELL} /home/jdyer/examples/ccl_4_0/missing --run makeinfo'
OBJEXT='o'
PACKAGE='cigicl'
PACKAGE_BUGREPORT='http://cigi.sourceforge.net'
PACKAGE_NAME='CIGI Class Library'
PACKAGE_STRING='CIGI Class Library 4.0.2'
PACKAGE_TARNAME='cigicl'
PACKAGE_VERSION='4.0.2'
PATH_SEPARATOR=':'
RANLIB='ranlib'
SED='/usr/bin/sed'
SET_MAKE=''
SHELL='/bin/sh'
STRIP='strip'
VERSION='4.0.2'
ac_ct_AR='ar'
ac_ct_CC='gcc'
ac_ct_CXX='g++'
ac_ct_F77=''
ac_ct_RANLIB='ranlib'
ac_ct_STRIP='strip'
am__fastdepCC_FALSE='#'
am__fastdepCC_TRUE=''
am__fastdepCXX_FALSE='#'
am__fastdepCXX_TRUE=''
am__include='include'
am__leading_dot='.'
am__quote=''
am__tar='${AMTAR} chof - "$$tardir"'
am__untar='${AMTAR} xf -'
bindir='${exec_prefix}/bin'
build='x86_64-unknown-linux-gnu'
build_alias=''
build_cpu='x86_64'
build_os='linux-gnu'
build_vendor='unknown'
datadir='${prefix}/share'
exec_prefix='${prefix}'
host='x86_64-unknown-linux-gnu'
host_alias=''
host_cpu='x86_64'
host_os='linux-gnu'
host_vendor='unknown'
includedir='${prefix}/include'
infodir='${prefix}/info'
install_sh='/home/jdyer/examples/ccl_4_0/install-sh'
libdir='${exec_prefix}/lib'
libexecdir='${exec_prefix}/libexec'
localstatedir='${prefix}/var'
mandir='${prefix}/man'
mkdir_p='mkdir -p --'
oldincludedir='/usr/include'
prefix='/usr/local'
program_transform_name='s,x,x,'
sbindir='${exec_prefix}/sbin'
sharedstatedir='${prefix}/com'
sysconfdir='${prefix}/etc'
target_alias=''

## ----------- ##
## confdefs.h. ##
## ----------- ##

#define CIGI_LITTLE_ENDIAN 1
#define HAVE_DLFCN_H 1
#define HAVE_INTTYPES_H 1
#define HAVE_MEMORY_H 1
#define HAVE_STDINT_H 1
#define HAVE_STDLIB_H 1
#define HAVE_STRINGS_H 1
#define HAVE_STRING_H 1
#define HAVE_SYS_STAT_H 1
#define HAVE_SYS_TYPES_H 1
#define HAVE_UNISTD_H 1
#define PACKAGE "cigicl"
#define PACKAGE_BUGREPORT "http://cigi.sourceforge.net"
#define PACKAGE_NAME "CIGI Class Library"
#define PACKAGE_STRING "CIGI Class Library 4.0.2"
#define PACKAGE_TARNAME "cigicl"
#define PACKAGE_VERSION "4.0.2"
#define STDC_HEADERS 1
#define VERSION "4.0.2"
#endif
#ifdef __cplusplus
extern "C" void std::exit (int) throw (); using std::exit;

configure: exit 0
